[2025-07-04 12:00:00] INFO: Sistema iniciado
[2025-07-04 12:01:00] INFO: Usuário admin logado
[2025-07-04 12:02:00] INFO: Configurações do sistema atualizadas
[2025-07-04 12:03:00] INFO: Novo usuário cadastrado: analyst@sistema.com
[2025-07-04 12:04:00] INFO: Projeto criado: Casa Residencial
[2025-07-04 12:05:00] INFO: Documento enviado: planta_baixa.pdf
[2025-07-04 12:06:00] INFO: Status do projeto alterado para: em_andamento
[2025-07-04 12:07:00] INFO: Usuário aprovado: client@sistema.com
[2025-07-04 12:08:00] INFO: Backup automático executado
[2025-07-04 12:09:00] INFO: Cache limpo automaticamente
[2025-07-16 18:53:46] [SYSTEM] Sistema de log personalizado inicializado
[2025-07-16 18:53:48] [SYSTEM] Sistema de log personalizado inicializado
[2025-07-16 18:53:49] [SYSTEM] Sistema de log personalizado inicializado
[2025-07-16 18:53:53] [SYSTEM] Sistema de log personalizado inicializado
[2025-07-16 18:56:00] [SYSTEM] Sistema de log personalizado inicializado
[2025-07-16 18:56:02] [SYSTEM] Sistema de log personalizado inicializado
[2025-07-16 18:56:05] [SYSTEM] Sistema de log personalizado inicializado
[2025-07-16 18:56:08] [SYSTEM] Sistema de log personalizado inicializado
[2025-07-16 18:56:10] [SYSTEM] Sistema de log personalizado inicializado
[2025-07-16 18:56:11] [SYSTEM] Sistema de log personalizado inicializado
[2025-07-16 18:56:14] [SYSTEM] Sistema de log personalizado inicializado
[2025-07-16 18:56:16] [SYSTEM] Sistema de log personalizado inicializado
[2025-07-16 18:56:20] [SYSTEM] Sistema de log personalizado inicializado
[2025-07-16 18:56:24] [SYSTEM] Sistema de log personalizado inicializado
[2025-07-16 18:56:39] [SYSTEM] Sistema de log personalizado inicializado
[2025-07-16 18:56:42] [SYSTEM] Sistema de log personalizado inicializado
[2025-07-16 18:56:52] [SYSTEM] Sistema de log personalizado inicializado
[2025-07-16 18:56:53] [SYSTEM] Sistema de log personalizado inicializado
[2025-07-16 18:56:56] [SYSTEM] Sistema de log personalizado inicializado
[2025-07-16 19:20:29] [SYSTEM] Sistema de log personalizado inicializado
[2025-07-16 19:20:29] [SYSTEM] Sistema de log personalizado inicializado
[2025-07-16 19:20:34] [SYSTEM] Sistema de log personalizado inicializado
[2025-07-16 19:20:37] [SYSTEM] Sistema de log personalizado inicializado
[2025-07-16 19:21:14] [SYSTEM] Sistema de log personalizado inicializado
[2025-07-16 19:21:14] [SYSTEM] Sistema de log personalizado inicializado
[2025-07-16 19:21:22] [SYSTEM] Sistema de log personalizado inicializado
[2025-07-16 19:21:24] [SYSTEM] Sistema de log personalizado inicializado
[2025-07-16 19:24:53] [SYSTEM] Sistema de log personalizado inicializado
[2025-07-16 19:24:53] [SYSTEM] Sistema de log personalizado inicializado
[2025-07-16 19:25:01] [SYSTEM] Sistema de log personalizado inicializado
[2025-07-16 19:25:34] [SYSTEM] Sistema de log personalizado inicializado
[2025-07-16 19:25:38] [SYSTEM] Sistema de log personalizado inicializado
[2025-07-16 19:25:38] [SYSTEM] Sistema de log personalizado inicializado
[2025-07-16 19:25:58] [SYSTEM] Sistema de log personalizado inicializado
[2025-07-16 19:26:01] [SYSTEM] Sistema de log personalizado inicializado
[2025-07-16 19:27:20] [SYSTEM] Sistema de log personalizado inicializado
[2025-07-16 19:27:25] [SYSTEM] Sistema de log personalizado inicializado
[2025-07-16 19:27:25] [SYSTEM] Sistema de log personalizado inicializado
[2025-07-16 19:27:29] [SYSTEM] Sistema de log personalizado inicializado
[2025-07-16 19:28:57] [SYSTEM] Sistema de log personalizado inicializado
[2025-07-16 19:29:01] [SYSTEM] Sistema de log personalizado inicializado
[2025-07-16 19:29:01] [SYSTEM] Sistema de log personalizado inicializado
[2025-07-16 19:29:05] [SYSTEM] Sistema de log personalizado inicializado
[2025-07-16 19:29:08] [SYSTEM] Sistema de log personalizado inicializado
[2025-07-16 19:29:43] [SYSTEM] Sistema de log personalizado inicializado
[2025-07-16 19:30:36] [SYSTEM] Sistema de log personalizado inicializado
[2025-07-16 19:31:17] [SYSTEM] Sistema de log personalizado inicializado
[2025-07-16 19:31:19] [SYSTEM] Sistema de log personalizado inicializado
[2025-07-16 19:31:19] [SYSTEM] Sistema de log personalizado inicializado
[2025-07-16 19:31:22] [SYSTEM] Sistema de log personalizado inicializado
[2025-07-16 19:31:24] [SYSTEM] Sistema de log personalizado inicializado
[2025-07-16 19:31:25] [SYSTEM] Sistema de log personalizado inicializado
[2025-07-16 19:31:37] [SYSTEM] Sistema de log personalizado inicializado
[2025-07-16 19:31:37] [SYSTEM] Sistema de log personalizado inicializado
[2025-07-16 19:31:40] [SYSTEM] Sistema de log personalizado inicializado
[2025-07-16 19:31:40] [SYSTEM] Sistema de log personalizado inicializado
[2025-07-16 19:31:45] [SYSTEM] Sistema de log personalizado inicializado
[2025-07-16 19:31:45] [SYSTEM] Sistema de log personalizado inicializado
[2025-07-16 19:31:47] [SYSTEM] Sistema de log personalizado inicializado
[2025-07-16 19:31:47] [SYSTEM] Sistema de log personalizado inicializado
[2025-07-16 19:32:07] [SYSTEM] Sistema de log personalizado inicializado
[2025-07-16 19:32:07] [SYSTEM] Sistema de log personalizado inicializado
[2025-07-16 19:33:27] [SYSTEM] Sistema de log personalizado inicializado
[2025-07-16 19:33:27] [SYSTEM] Sistema de log personalizado inicializado
[2025-07-16 19:33:49] [SYSTEM] Sistema de log personalizado inicializado
[2025-07-16 19:33:51] [SYSTEM] Sistema de log personalizado inicializado
[2025-07-16 19:33:56] [SYSTEM] Sistema de log personalizado inicializado
[2025-07-16 19:34:14] [SYSTEM] Sistema de log personalizado inicializado
[2025-07-16 19:35:05] [SYSTEM] Sistema de log personalizado inicializado
[2025-07-16 19:35:06] [SYSTEM] Sistema de log personalizado inicializado
[2025-07-16 19:35:06] [SYSTEM] Sistema de log personalizado inicializado
[2025-07-16 19:35:11] [SYSTEM] Sistema de log personalizado inicializado
[2025-07-16 19:35:17] [SYSTEM] Sistema de log personalizado inicializado
[2025-07-16 19:35:17] [SYSTEM] Sistema de log personalizado inicializado
[2025-07-16 19:36:05] [SYSTEM] Sistema de log personalizado inicializado
[2025-07-16 19:36:15] [SYSTEM] Sistema de log personalizado inicializado
[2025-07-16 19:36:17] [SYSTEM] Sistema de log personalizado inicializado
[2025-07-16 19:36:17] [SYSTEM] Sistema de log personalizado inicializado
[2025-07-16 19:36:20] [SYSTEM] Sistema de log personalizado inicializado
[2025-07-16 19:36:39] [SYSTEM] Sistema de log personalizado inicializado
[2025-07-16 19:37:11] [SYSTEM] Sistema de log personalizado inicializado
[2025-07-16 19:37:44] [SYSTEM] Sistema de log personalizado inicializado
[2025-07-16 19:37:55] [SYSTEM] Sistema de log personalizado inicializado
[2025-07-16 19:37:57] [SYSTEM] Sistema de log personalizado inicializado
[2025-07-16 19:37:57] [SYSTEM] Sistema de log personalizado inicializado
[2025-07-16 19:38:01] [SYSTEM] Sistema de log personalizado inicializado
[2025-07-16 19:38:01] [SYSTEM] Sistema de log personalizado inicializado
[2025-07-16 19:38:06] [SYSTEM] Sistema de log personalizado inicializado
[2025-07-16 19:38:15] [SYSTEM] Sistema de log personalizado inicializado
[2025-07-16 19:38:15] [SYSTEM] Sistema de log personalizado inicializado
[2025-07-16 19:38:21] [SYSTEM] Sistema de log personalizado inicializado
[2025-07-16 19:38:32] [SYSTEM] Sistema de log personalizado inicializado
[2025-07-16 19:39:07] [SYSTEM] Sistema de log personalizado inicializado
[2025-07-16 19:40:07] [SYSTEM] Sistema de log personalizado inicializado
[2025-07-16 19:40:29] [SYSTEM] Sistema de log personalizado inicializado
[2025-07-16 19:40:45] [SYSTEM] Sistema de log personalizado inicializado
[2025-07-16 19:41:22] [SYSTEM] Sistema de log personalizado inicializado
[2025-07-16 19:41:34] [SYSTEM] Sistema de log personalizado inicializado
[2025-07-16 19:41:34] [SYSTEM] Sistema de log personalizado inicializado
[2025-07-16 19:41:35] [SYSTEM] Sistema de log personalizado inicializado
[2025-07-16 19:41:35] [SYSTEM] Sistema de log personalizado inicializado
[2025-07-16 19:41:36] [SYSTEM] Sistema de log personalizado inicializado
[2025-07-16 19:41:37] [SYSTEM] Sistema de log personalizado inicializado
[2025-07-16 19:41:38] [SYSTEM] Sistema de log personalizado inicializado
[2025-07-16 19:41:46] [SYSTEM] Sistema de log personalizado inicializado
[2025-07-16 19:42:25] [SYSTEM] Sistema de log personalizado inicializado
[2025-07-16 19:43:20] [SYSTEM] Sistema de log personalizado inicializado
[2025-07-16 19:43:32] [SYSTEM] Sistema de log personalizado inicializado
[2025-07-16 19:44:02] [SYSTEM] Sistema de log personalizado inicializado
[2025-07-16 19:50:06] [SYSTEM] Sistema de log personalizado inicializado
[2025-07-16 19:50:15] [SYSTEM] Sistema de log personalizado inicializado
[2025-07-16 19:50:23] [SYSTEM] Sistema de log personalizado inicializado
[2025-07-16 19:50:23] [SYSTEM] Sistema de log personalizado inicializado
[2025-07-16 19:50:39] [SYSTEM] Sistema de log personalizado inicializado
[2025-07-16 19:50:58] [SYSTEM] Sistema de log personalizado inicializado
[2025-07-16 19:51:04] [SYSTEM] Sistema de log personalizado inicializado
[2025-07-16 19:51:37] [SYSTEM] Sistema de log personalizado inicializado
[2025-07-16 19:52:15] [SYSTEM] Sistema de log personalizado inicializado
[2025-07-16 19:52:22] [SYSTEM] Sistema de log personalizado inicializado
[2025-07-16 19:52:22] [SYSTEM] Sistema de log personalizado inicializado
[2025-07-16 19:53:12] [SYSTEM] Sistema de log personalizado inicializado
[2025-07-16 19:53:43] [SYSTEM] Sistema de log personalizado inicializado
[2025-07-16 19:54:16] [SYSTEM] Sistema de log personalizado inicializado
[2025-07-16 19:54:27] [SYSTEM] Sistema de log personalizado inicializado
[2025-07-16 19:54:27] [SYSTEM] Sistema de log personalizado inicializado
[2025-07-16 19:55:02] [SYSTEM] Sistema de log personalizado inicializado
[2025-07-16 19:56:17] [SYSTEM] Sistema de log personalizado inicializado
[2025-07-16 19:56:17] [SYSTEM] Sistema de log personalizado inicializado
[2025-07-16 20:00:45] [SYSTEM] Sistema de log personalizado inicializado
[2025-07-16 20:01:24] [SYSTEM] Sistema de log personalizado inicializado
[2025-07-16 20:01:26] [SYSTEM] Sistema de log personalizado inicializado
[2025-07-16 20:03:51] [SYSTEM] Sistema de log personalizado inicializado
[2025-07-16 20:03:52] [SYSTEM] Sistema de log personalizado inicializado
[2025-07-16 20:03:52] [SYSTEM] Sistema de log personalizado inicializado
[2025-07-16 20:03:53] [SYSTEM] Sistema de log personalizado inicializado
[2025-07-16 20:03:53] [SYSTEM] Sistema de log personalizado inicializado
[2025-07-16 20:04:23] [SYSTEM] Sistema de log personalizado inicializado
[2025-07-16 20:04:39] [SYSTEM] Sistema de log personalizado inicializado
[2025-07-16 20:04:47] [SYSTEM] Sistema de log personalizado inicializado
[2025-07-16 20:05:51] [SYSTEM] Sistema de log personalizado inicializado
[2025-07-16 20:06:20] [SYSTEM] Sistema de log personalizado inicializado
[2025-07-16 20:06:57] [SYSTEM] Sistema de log personalizado inicializado
[2025-07-16 20:06:57] [SYSTEM] Sistema de log personalizado inicializado
[2025-07-16 20:07:02] [SYSTEM] Sistema de log personalizado inicializado
[2025-07-16 20:07:10] [SYSTEM] Sistema de log personalizado inicializado
[2025-07-16 20:07:12] [SYSTEM] Sistema de log personalizado inicializado
[2025-07-16 20:07:29] [SYSTEM] Sistema de log personalizado inicializado
[2025-07-16 20:07:30] [SYSTEM] Sistema de log personalizado inicializado
[2025-07-16 20:07:32] [SYSTEM] Sistema de log personalizado inicializado
[2025-07-16 20:07:32] [SYSTEM] Sistema de log personalizado inicializado
[2025-07-16 20:07:43] [SYSTEM] Sistema de log personalizado inicializado
[2025-07-16 20:08:00] [SYSTEM] Sistema de log personalizado inicializado
[2025-07-16 20:08:00] [SYSTEM] Sistema de log personalizado inicializado
[2025-07-16 20:08:03] [SYSTEM] Sistema de log personalizado inicializado
[2025-07-16 20:08:05] [SYSTEM] Sistema de log personalizado inicializado
[2025-07-16 20:08:08] [SYSTEM] Sistema de log personalizado inicializado
[2025-07-16 20:08:19] [SYSTEM] Sistema de log personalizado inicializado
[2025-07-16 20:08:30] [SYSTEM] Sistema de log personalizado inicializado
[2025-07-16 20:08:34] [SYSTEM] Sistema de log personalizado inicializado
[2025-07-16 20:08:34] [SYSTEM] Sistema de log personalizado inicializado
[2025-07-16 20:11:07] [SYSTEM] Sistema de log personalizado inicializado
[2025-07-16 20:11:08] [SYSTEM] Sistema de log personalizado inicializado
[2025-07-16 20:11:08] [SYSTEM] Sistema de log personalizado inicializado
[2025-07-16 20:11:25] [SYSTEM] Sistema de log personalizado inicializado
[2025-07-16 20:11:27] [SYSTEM] Sistema de log personalizado inicializado
[2025-07-16 20:11:27] [SYSTEM] Sistema de log personalizado inicializado
[2025-07-16 20:11:31] [SYSTEM] Sistema de log personalizado inicializado
[2025-07-16 20:11:51] [SYSTEM] Sistema de log personalizado inicializado
[2025-07-16 20:13:50] [SYSTEM] Sistema de log personalizado inicializado
[2025-07-16 20:14:38] [SYSTEM] Sistema de log personalizado inicializado
[2025-07-16 20:15:21] [SYSTEM] Sistema de log personalizado inicializado
[2025-07-16 20:15:39] [SYSTEM] Sistema de log personalizado inicializado
[2025-07-16 20:15:39] [SYSTEM] Sistema de log personalizado inicializado
[2025-07-16 20:16:01] [SYSTEM] Sistema de log personalizado inicializado
[2025-07-16 20:16:01] [SYSTEM] Sistema de log personalizado inicializado
[2025-07-16 20:16:06] [SYSTEM] Sistema de log personalizado inicializado
[2025-07-16 20:16:25] [SYSTEM] Sistema de log personalizado inicializado
[2025-07-16 20:16:59] [SYSTEM] Sistema de log personalizado inicializado
[2025-07-16 20:16:59] [SYSTEM] Sistema de log personalizado inicializado
[2025-07-16 20:17:05] [SYSTEM] Sistema de log personalizado inicializado
[2025-07-16 20:17:38] [SYSTEM] Sistema de log personalizado inicializado
[2025-07-16 20:17:59] [SYSTEM] Sistema de log personalizado inicializado
[2025-07-16 20:18:37] [SYSTEM] Sistema de log personalizado inicializado
[2025-07-16 20:18:37] [SYSTEM] Sistema de log personalizado inicializado
[2025-07-16 20:19:05] [SYSTEM] Sistema de log personalizado inicializado
[2025-07-16 20:19:22] [SYSTEM] Sistema de log personalizado inicializado
[2025-07-16 20:19:57] [SYSTEM] Sistema de log personalizado inicializado
[2025-07-16 20:21:01] [SYSTEM] Sistema de log personalizado inicializado
[2025-07-16 20:21:14] [SYSTEM] Sistema de log personalizado inicializado
[2025-07-16 20:21:15] [SYSTEM] Sistema de log personalizado inicializado
[2025-07-16 20:21:17] [SYSTEM] Sistema de log personalizado inicializado
[2025-07-16 20:21:19] [SYSTEM] Sistema de log personalizado inicializado
[2025-07-16 20:21:23] [SYSTEM] Sistema de log personalizado inicializado
[2025-07-16 20:22:18] [SYSTEM] Sistema de log personalizado inicializado
[2025-07-16 20:22:20] [SYSTEM] Sistema de log personalizado inicializado
[2025-07-16 20:22:20] [SYSTEM] Sistema de log personalizado inicializado
[2025-07-16 20:23:41] [SYSTEM] Sistema de log personalizado inicializado
[2025-07-16 20:23:41] [SYSTEM] Sistema de log personalizado inicializado
[2025-07-16 20:24:23] [SYSTEM] Sistema de log personalizado inicializado
[2025-07-16 20:24:23] [SYSTEM] Sistema de log personalizado inicializado
[2025-07-16 20:24:29] [SYSTEM] Sistema de log personalizado inicializado
[2025-07-16 20:25:00] [SYSTEM] Sistema de log personalizado inicializado
[2025-07-16 20:25:00] [SYSTEM] Sistema de log personalizado inicializado
[2025-07-16 20:25:05] [SYSTEM] Sistema de log personalizado inicializado
[2025-07-16 20:25:11] [SYSTEM] Sistema de log personalizado inicializado
[2025-07-16 20:25:11] [SYSTEM] Sistema de log personalizado inicializado
[2025-07-16 20:25:19] [SYSTEM] Sistema de log personalizado inicializado
[2025-07-16 20:25:19] [SYSTEM] Sistema de log personalizado inicializado
[2025-07-16 20:25:57] [SYSTEM] Sistema de log personalizado inicializado
[2025-07-16 20:26:04] [SYSTEM] Sistema de log personalizado inicializado
[2025-07-16 20:26:04] [SYSTEM] Sistema de log personalizado inicializado
[2025-07-16 20:26:13] [SYSTEM] Sistema de log personalizado inicializado
[2025-07-16 20:26:14] [SYSTEM] Sistema de log personalizado inicializado
[2025-07-16 20:26:19] [SYSTEM] Sistema de log personalizado inicializado
[2025-07-16 20:28:51] [SYSTEM] Sistema de log personalizado inicializado
[2025-07-16 20:28:51] [SYSTEM] Sistema de log personalizado inicializado
[2025-07-16 20:28:51] [SYSTEM] Sistema de log personalizado inicializado
[2025-07-16 20:28:55] [SYSTEM] Sistema de log personalizado inicializado
[2025-07-16 20:28:56] [SYSTEM] Sistema de log personalizado inicializado
[2025-07-16 20:28:56] [SYSTEM] Sistema de log personalizado inicializado
[2025-07-16 20:29:09] [SYSTEM] Sistema de log personalizado inicializado
[2025-07-16 20:29:09] [SYSTEM] Sistema de log personalizado inicializado
[2025-07-16 20:29:10] [SYSTEM] Sistema de log personalizado inicializado
[2025-07-16 20:29:10] [SYSTEM] Sistema de log personalizado inicializado
[2025-07-16 20:29:11] [SYSTEM] Sistema de log personalizado inicializado
[2025-07-16 20:29:11] [SYSTEM] Sistema de log personalizado inicializado
[2025-07-16 20:29:12] [SYSTEM] Sistema de log personalizado inicializado
[2025-07-16 20:29:14] [SYSTEM] Sistema de log personalizado inicializado
[2025-07-16 20:29:15] [SYSTEM] Sistema de log personalizado inicializado
[2025-07-16 20:29:15] [SYSTEM] Sistema de log personalizado inicializado
[2025-07-16 20:29:22] [SYSTEM] Sistema de log personalizado inicializado
[2025-07-16 20:29:22] [SYSTEM] Sistema de log personalizado inicializado
[2025-07-16 20:29:25] [SYSTEM] Sistema de log personalizado inicializado
[2025-07-16 20:29:36] [SYSTEM] Sistema de log personalizado inicializado
[2025-07-16 20:29:36] [SYSTEM] Sistema de log personalizado inicializado
[2025-07-16 20:29:50] [SYSTEM] Sistema de log personalizado inicializado
[2025-07-16 20:29:50] [SYSTEM] Sistema de log personalizado inicializado
[2025-07-16 20:29:50] [SYSTEM] Sistema de log personalizado inicializado
[2025-07-16 20:29:51] [SYSTEM] Sistema de log personalizado inicializado
[2025-07-16 20:29:59] [SYSTEM] Sistema de log personalizado inicializado
[2025-07-16 20:29:59] [SYSTEM] Sistema de log personalizado inicializado
[2025-07-16 20:30:02] [SYSTEM] Sistema de log personalizado inicializado
[2025-07-16 20:30:02] [SYSTEM] Sistema de log personalizado inicializado
[2025-07-16 20:30:04] [SYSTEM] Sistema de log personalizado inicializado
[2025-07-16 20:30:04] [SYSTEM] Sistema de log personalizado inicializado
[2025-07-16 20:30:47] [SYSTEM] Sistema de log personalizado inicializado
[2025-07-16 20:30:47] [SYSTEM] Sistema de log personalizado inicializado
[2025-07-16 20:30:47] [SYSTEM] Sistema de log personalizado inicializado
[2025-07-16 20:30:49] [SYSTEM] Sistema de log personalizado inicializado
[2025-07-16 20:30:50] [SYSTEM] Sistema de log personalizado inicializado
[2025-07-16 20:30:50] [SYSTEM] Sistema de log personalizado inicializado
[2025-07-16 20:31:01] [SYSTEM] Sistema de log personalizado inicializado
[2025-07-16 20:34:19] [SYSTEM] Sistema de log personalizado inicializado
[2025-07-16 20:34:22] [SYSTEM] Sistema de log personalizado inicializado
[2025-07-16 20:34:22] [SYSTEM] Sistema de log personalizado inicializado
[2025-07-16 20:34:39] [SYSTEM] Sistema de log personalizado inicializado
[2025-07-16 20:36:56] [SYSTEM] Sistema de log personalizado inicializado
[2025-07-16 20:36:56] [SYSTEM] Sistema de log personalizado inicializado
[2025-07-16 20:36:56] [SYSTEM] Sistema de log personalizado inicializado
[2025-07-16 20:37:23] [SYSTEM] Sistema de log personalizado inicializado
[2025-07-16 20:38:06] [SYSTEM] Sistema de log personalizado inicializado
[2025-07-16 20:38:07] [SYSTEM] Sistema de log personalizado inicializado
[2025-07-16 20:38:07] [SYSTEM] Sistema de log personalizado inicializado
[2025-07-16 20:38:10] [SYSTEM] Sistema de log personalizado inicializado
[2025-07-16 20:38:12] [SYSTEM] Sistema de log personalizado inicializado
[2025-07-16 20:38:27] [SYSTEM] Sistema de log personalizado inicializado
[2025-07-16 20:38:27] [SYSTEM] Sistema de log personalizado inicializado
[2025-07-16 20:38:31] [SYSTEM] Sistema de log personalizado inicializado
[2025-07-16 20:38:34] [SYSTEM] Sistema de log personalizado inicializado
[2025-07-16 20:39:06] [SYSTEM] Sistema de log personalizado inicializado
[2025-07-16 20:39:33] [SYSTEM] Sistema de log personalizado inicializado
[2025-07-16 20:39:33] [SYSTEM] Sistema de log personalizado inicializado
[2025-07-16 20:39:43] [SYSTEM] Sistema de log personalizado inicializado
[2025-07-16 20:39:44] [SYSTEM] Sistema de log personalizado inicializado
[2025-07-16 20:39:44] [SYSTEM] Sistema de log personalizado inicializado
[2025-07-16 20:39:45] [SYSTEM] Sistema de log personalizado inicializado
[2025-07-16 20:40:06] [SYSTEM] Sistema de log personalizado inicializado
[2025-07-16 20:40:10] [SYSTEM] Sistema de log personalizado inicializado
[2025-07-16 20:40:13] [SYSTEM] Sistema de log personalizado inicializado
[2025-07-16 20:40:13] [SYSTEM] Sistema de log personalizado inicializado
[2025-07-16 20:40:17] [SYSTEM] Sistema de log personalizado inicializado
[2025-07-16 20:40:19] [SYSTEM] Sistema de log personalizado inicializado
[2025-07-16 20:40:22] [SYSTEM] Sistema de log personalizado inicializado
[2025-07-16 20:43:16] [SYSTEM] Sistema de log personalizado inicializado
[2025-07-16 20:43:16] [SYSTEM] Sistema de log personalizado inicializado
[2025-07-16 20:43:49] [SYSTEM] Sistema de log personalizado inicializado
[2025-07-16 20:43:49] [SYSTEM] Sistema de log personalizado inicializado
[2025-07-16 20:44:36] [SYSTEM] Sistema de log personalizado inicializado
[2025-07-16 20:46:11] [SYSTEM] Sistema de log personalizado inicializado
[2025-07-16 20:46:52] [SYSTEM] Sistema de log personalizado inicializado
[2025-07-16 20:46:57] [SYSTEM] Sistema de log personalizado inicializado
[2025-07-16 20:46:57] [SYSTEM] Sistema de log personalizado inicializado
[2025-07-16 20:47:31] [SYSTEM] Sistema de log personalizado inicializado
[2025-07-16 20:47:35] [SYSTEM] Sistema de log personalizado inicializado
[2025-07-16 20:47:35] [SYSTEM] Sistema de log personalizado inicializado
[2025-07-16 20:48:05] [SYSTEM] Sistema de log personalizado inicializado
[2025-07-16 20:48:09] [SYSTEM] Sistema de log personalizado inicializado
[2025-07-16 20:48:09] [SYSTEM] Sistema de log personalizado inicializado
[2025-07-16 20:48:32] [SYSTEM] Sistema de log personalizado inicializado
[2025-07-16 20:48:32] [SYSTEM] Sistema de log personalizado inicializado
[2025-07-16 20:49:32] [SYSTEM] Sistema de log personalizado inicializado
[2025-07-16 20:49:34] [SYSTEM] Sistema de log personalizado inicializado
[2025-07-16 20:49:36] [SYSTEM] Sistema de log personalizado inicializado
[2025-07-16 20:49:39] [SYSTEM] Sistema de log personalizado inicializado
[2025-07-16 20:49:39] [SYSTEM] Sistema de log personalizado inicializado
[2025-07-16 20:49:41] [SYSTEM] Sistema de log personalizado inicializado
[2025-07-16 20:49:41] [SYSTEM] Sistema de log personalizado inicializado
[2025-07-16 20:49:44] [SYSTEM] Sistema de log personalizado inicializado
[2025-07-16 20:49:44] [SYSTEM] Sistema de log personalizado inicializado
[2025-07-16 20:49:47] [SYSTEM] Sistema de log personalizado inicializado
[2025-07-16 20:49:52] [SYSTEM] Sistema de log personalizado inicializado
[2025-07-16 20:49:52] [SYSTEM] Sistema de log personalizado inicializado
[2025-07-16 20:50:05] [SYSTEM] Sistema de log personalizado inicializado
[2025-07-16 20:50:08] [SYSTEM] Sistema de log personalizado inicializado
[2025-07-16 20:51:20] [SYSTEM] Sistema de log personalizado inicializado
[2025-07-16 20:51:22] [SYSTEM] Sistema de log personalizado inicializado
[2025-07-16 20:52:00] [SYSTEM] Sistema de log personalizado inicializado
[2025-07-16 20:52:01] [SYSTEM] Sistema de log personalizado inicializado
[2025-07-16 20:53:58] [SYSTEM] Sistema de log personalizado inicializado
[2025-07-16 20:54:00] [SYSTEM] Sistema de log personalizado inicializado
[2025-07-16 20:54:34] [SYSTEM] Sistema de log personalizado inicializado
[2025-07-16 20:54:34] [SYSTEM] Sistema de log personalizado inicializado
[2025-07-16 20:54:43] [SYSTEM] Sistema de log personalizado inicializado
[2025-07-16 20:54:48] [SYSTEM] Sistema de log personalizado inicializado
[2025-07-16 20:54:50] [SYSTEM] Sistema de log personalizado inicializado
[2025-07-16 20:55:01] [SYSTEM] Sistema de log personalizado inicializado
[2025-07-16 20:55:02] [SYSTEM] Sistema de log personalizado inicializado
[2025-07-16 20:55:37] [SYSTEM] Sistema de log personalizado inicializado
[2025-07-16 20:56:04] [SYSTEM] Sistema de log personalizado inicializado
[2025-07-16 20:56:06] [SYSTEM] Sistema de log personalizado inicializado
[2025-07-16 20:56:09] [SYSTEM] Sistema de log personalizado inicializado
[2025-07-16 20:56:27] [SYSTEM] Sistema de log personalizado inicializado
[2025-07-16 20:56:29] [SYSTEM] Sistema de log personalizado inicializado
[2025-07-16 20:56:29] [SYSTEM] Sistema de log personalizado inicializado
[2025-07-16 20:56:29] [SYSTEM] Sistema de log personalizado inicializado
[2025-07-16 20:56:32] [SYSTEM] Sistema de log personalizado inicializado
[2025-07-16 20:56:33] [SYSTEM] Sistema de log personalizado inicializado
[2025-07-16 20:56:33] [SYSTEM] Sistema de log personalizado inicializado
[2025-07-16 20:56:59] [SYSTEM] Sistema de log personalizado inicializado
[2025-07-16 20:56:59] [SYSTEM] Sistema de log personalizado inicializado
[2025-07-16 20:57:02] [SYSTEM] Sistema de log personalizado inicializado
[2025-07-16 20:57:03] [SYSTEM] Sistema de log personalizado inicializado
[2025-07-16 20:57:19] [SYSTEM] Sistema de log personalizado inicializado
[2025-07-16 20:57:19] [SYSTEM] Sistema de log personalizado inicializado
[2025-07-16 20:57:24] [SYSTEM] Sistema de log personalizado inicializado
[2025-07-16 20:57:27] [SYSTEM] Sistema de log personalizado inicializado
[2025-07-16 20:57:34] [SYSTEM] Sistema de log personalizado inicializado
[2025-07-16 20:57:42] [SYSTEM] Sistema de log personalizado inicializado
[2025-07-16 20:58:58] [SYSTEM] Sistema de log personalizado inicializado
[2025-07-16 20:59:07] [SYSTEM] Sistema de log personalizado inicializado
[2025-07-16 20:59:07] [SYSTEM] Sistema de log personalizado inicializado
[2025-07-16 21:05:42] [SYSTEM] Sistema de log personalizado inicializado
[2025-07-16 21:05:44] [SYSTEM] Sistema de log personalizado inicializado
[2025-07-16 21:05:45] [SYSTEM] Sistema de log personalizado inicializado
[2025-07-16 21:05:45] [SYSTEM] Sistema de log personalizado inicializado
[2025-07-16 21:05:54] [SYSTEM] Sistema de log personalizado inicializado
[2025-07-16 21:05:55] [SYSTEM] Sistema de log personalizado inicializado
[2025-07-16 21:06:01] [SYSTEM] Sistema de log personalizado inicializado
[2025-07-16 21:06:06] [SYSTEM] Sistema de log personalizado inicializado
[2025-07-16 21:06:11] [SYSTEM] Sistema de log personalizado inicializado
[2025-07-16 21:07:30] [SYSTEM] Sistema de log personalizado inicializado
[2025-07-16 21:07:36] [SYSTEM] Sistema de log personalizado inicializado
[2025-07-16 21:07:38] [SYSTEM] Sistema de log personalizado inicializado
[2025-07-16 21:07:41] [SYSTEM] Sistema de log personalizado inicializado
[2025-07-16 21:07:54] [SYSTEM] Sistema de log personalizado inicializado
[2025-07-16 21:07:56] [SYSTEM] Sistema de log personalizado inicializado
[2025-07-16 21:08:26] [SYSTEM] Sistema de log personalizado inicializado
[2025-07-16 21:08:26] [SYSTEM] Sistema de log personalizado inicializado
[2025-07-16 21:08:29] [SYSTEM] Sistema de log personalizado inicializado
[2025-07-16 21:08:33] [SYSTEM] Sistema de log personalizado inicializado
[2025-07-16 21:08:37] [SYSTEM] Sistema de log personalizado inicializado
[2025-07-16 21:08:39] [SYSTEM] Sistema de log personalizado inicializado
[2025-07-16 21:08:40] [SYSTEM] Sistema de log personalizado inicializado
[2025-07-16 21:08:53] [SYSTEM] Sistema de log personalizado inicializado
[2025-07-16 21:08:57] [SYSTEM] Sistema de log personalizado inicializado
[2025-07-16 21:09:05] [SYSTEM] Sistema de log personalizado inicializado
[2025-07-17 08:54:47] [SYSTEM] Sistema de log personalizado inicializado
[2025-07-17 08:54:47] [SYSTEM] Sistema de log personalizado inicializado
[2025-07-17 08:54:52] [SYSTEM] Sistema de log personalizado inicializado
[2025-07-17 08:54:52] [SYSTEM] Sistema de log personalizado inicializado
[2025-07-17 08:54:58] [SYSTEM] Sistema de log personalizado inicializado
[2025-07-17 08:54:58] [SYSTEM] Sistema de log personalizado inicializado
[2025-07-17 08:55:07] [SYSTEM] Sistema de log personalizado inicializado
[2025-07-17 08:55:08] [SYSTEM] Sistema de log personalizado inicializado
[2025-07-17 08:55:28] [SYSTEM] Sistema de log personalizado inicializado
[2025-07-17 08:55:33] [SYSTEM] Sistema de log personalizado inicializado
[2025-07-17 08:55:37] [SYSTEM] Sistema de log personalizado inicializado
[2025-07-17 08:55:44] [SYSTEM] Sistema de log personalizado inicializado
[2025-07-17 08:55:44] [SYSTEM] Sistema de log personalizado inicializado
[2025-07-17 08:55:50] [SYSTEM] Sistema de log personalizado inicializado
[2025-07-17 08:55:51] [SYSTEM] Sistema de log personalizado inicializado
[2025-07-17 13:46:23] [SYSTEM] Sistema de log personalizado inicializado
[2025-07-17 13:46:23] [SYSTEM] Sistema de log personalizado inicializado
[2025-07-17 13:47:02] [SYSTEM] Sistema de log personalizado inicializado
[2025-07-17 13:47:02] [SYSTEM] Sistema de log personalizado inicializado
[2025-07-17 13:47:16] [SYSTEM] Sistema de log personalizado inicializado
[2025-07-17 13:47:21] [SYSTEM] Sistema de log personalizado inicializado
[2025-07-17 13:47:21] [SYSTEM] Sistema de log personalizado inicializado
[2025-07-17 13:47:59] [SYSTEM] Sistema de log personalizado inicializado
[2025-07-17 13:48:05] [SYSTEM] Sistema de log personalizado inicializado
[2025-07-17 13:48:21] [SYSTEM] Sistema de log personalizado inicializado
[2025-07-17 13:48:24] [SYSTEM] Sistema de log personalizado inicializado
[2025-07-17 13:48:39] [SYSTEM] Sistema de log personalizado inicializado
[2025-07-17 13:48:40] [SYSTEM] Sistema de log personalizado inicializado
[2025-07-17 13:49:02] [SYSTEM] Sistema de log personalizado inicializado
[2025-07-17 13:49:07] [SYSTEM] Sistema de log personalizado inicializado
[2025-07-17 13:50:13] [SYSTEM] Sistema de log personalizado inicializado
[2025-07-17 13:50:13] [SYSTEM] Sistema de log personalizado inicializado
[2025-07-17 13:50:21] [SYSTEM] Sistema de log personalizado inicializado
[2025-07-17 13:50:30] [SYSTEM] Sistema de log personalizado inicializado
[2025-07-17 13:50:36] [SYSTEM] Sistema de log personalizado inicializado
[2025-07-17 13:50:37] [SYSTEM] Sistema de log personalizado inicializado
[2025-07-17 13:50:53] [SYSTEM] Sistema de log personalizado inicializado
[2025-07-17 13:50:53] [SYSTEM] Sistema de log personalizado inicializado
[2025-07-17 13:51:02] [SYSTEM] Sistema de log personalizado inicializado
[2025-07-17 13:51:06] [SYSTEM] Sistema de log personalizado inicializado
[2025-07-17 13:51:34] [SYSTEM] Sistema de log personalizado inicializado
[2025-07-17 13:51:47] [SYSTEM] Sistema de log personalizado inicializado
[2025-07-17 13:51:47] [SYSTEM] Sistema de log personalizado inicializado
[2025-07-17 13:52:11] [SYSTEM] Sistema de log personalizado inicializado
[2025-07-17 13:52:44] [SYSTEM] Sistema de log personalizado inicializado
[2025-07-17 13:52:48] [SYSTEM] Sistema de log personalizado inicializado
[2025-07-17 13:52:57] [SYSTEM] Sistema de log personalizado inicializado
[2025-07-17 13:52:59] [SYSTEM] Sistema de log personalizado inicializado
[2025-07-17 13:53:11] [SYSTEM] Sistema de log personalizado inicializado
[2025-07-17 13:53:20] [SYSTEM] Sistema de log personalizado inicializado
[2025-07-17 13:53:28] [SYSTEM] Sistema de log personalizado inicializado
[2025-07-17 13:53:33] [SYSTEM] Sistema de log personalizado inicializado
[2025-07-17 13:53:35] [SYSTEM] Sistema de log personalizado inicializado
[2025-07-17 13:53:47] [SYSTEM] Sistema de log personalizado inicializado
[2025-07-17 13:53:55] [SYSTEM] Sistema de log personalizado inicializado
[2025-07-17 13:53:55] [SYSTEM] Sistema de log personalizado inicializado
[2025-07-17 13:54:00] [SYSTEM] Sistema de log personalizado inicializado
[2025-07-17 13:54:02] [SYSTEM] Sistema de log personalizado inicializado
[2025-07-17 13:54:02] [SYSTEM] Sistema de log personalizado inicializado
[2025-07-17 13:54:03] [SYSTEM] Sistema de log personalizado inicializado
[2025-07-17 13:54:07] [SYSTEM] Sistema de log personalizado inicializado
[2025-07-17 13:54:08] [SYSTEM] Sistema de log personalizado inicializado
[2025-07-17 13:54:15] [SYSTEM] Sistema de log personalizado inicializado
[2025-07-17 13:54:17] [SYSTEM] Sistema de log personalizado inicializado
[2025-07-17 13:54:28] [SYSTEM] Sistema de log personalizado inicializado
[2025-07-17 13:54:28] [SYSTEM] Sistema de log personalizado inicializado
[2025-07-17 13:54:48] [SYSTEM] Sistema de log personalizado inicializado
[2025-07-17 13:55:00] [SYSTEM] Sistema de log personalizado inicializado
[2025-07-17 13:55:01] [SYSTEM] Sistema de log personalizado inicializado
[2025-07-17 13:55:22] [SYSTEM] Sistema de log personalizado inicializado
[2025-07-17 13:55:31] [SYSTEM] Sistema de log personalizado inicializado
[2025-07-17 13:55:31] [SYSTEM] Sistema de log personalizado inicializado
[2025-07-17 13:55:35] [SYSTEM] Sistema de log personalizado inicializado
[2025-07-17 13:55:35] [SYSTEM] Sistema de log personalizado inicializado
[2025-07-17 13:55:36] [SYSTEM] Sistema de log personalizado inicializado
[2025-07-17 13:55:41] [SYSTEM] Sistema de log personalizado inicializado
[2025-07-17 13:55:41] [SYSTEM] Sistema de log personalizado inicializado
[2025-07-17 13:55:44] [SYSTEM] Sistema de log personalizado inicializado
[2025-07-17 13:55:45] [SYSTEM] Sistema de log personalizado inicializado
[2025-07-17 13:55:47] [SYSTEM] Sistema de log personalizado inicializado
[2025-07-17 13:56:00] [SYSTEM] Sistema de log personalizado inicializado
[2025-07-17 13:57:17] [SYSTEM] Sistema de log personalizado inicializado
[2025-07-17 13:57:17] [SYSTEM] Sistema de log personalizado inicializado
[2025-07-17 13:57:26] [SYSTEM] Sistema de log personalizado inicializado
[2025-07-17 13:59:53] [SYSTEM] Sistema de log personalizado inicializado
[2025-07-17 13:59:59] [SYSTEM] Sistema de log personalizado inicializado
[2025-07-17 14:00:11] [SYSTEM] Sistema de log personalizado inicializado
[2025-07-17 14:00:13] [SYSTEM] Sistema de log personalizado inicializado
[2025-07-17 14:00:14] [SYSTEM] Sistema de log personalizado inicializado
[2025-07-17 14:05:31] [SYSTEM] Sistema de log personalizado inicializado
[2025-07-17 14:05:34] [SYSTEM] Sistema de log personalizado inicializado
[2025-07-17 14:05:39] [SYSTEM] Sistema de log personalizado inicializado
[2025-07-17 14:06:25] [SYSTEM] Sistema de log personalizado inicializado
[2025-07-17 14:06:27] [SYSTEM] Sistema de log personalizado inicializado
[2025-07-17 14:06:29] [SYSTEM] Sistema de log personalizado inicializado
[2025-07-17 14:06:29] [SYSTEM] Sistema de log personalizado inicializado
[2025-07-17 14:08:51] [SYSTEM] Sistema de log personalizado inicializado
[2025-07-17 14:08:51] [SYSTEM] Sistema de log personalizado inicializado
[2025-07-17 14:08:54] [SYSTEM] Sistema de log personalizado inicializado
[2025-07-17 14:09:05] [SYSTEM] Sistema de log personalizado inicializado
[2025-07-17 14:09:08] [SYSTEM] Sistema de log personalizado inicializado
[2025-07-17 14:09:22] [SYSTEM] Sistema de log personalizado inicializado
[2025-07-17 14:09:23] [SYSTEM] Sistema de log personalizado inicializado
[2025-07-17 14:09:27] [SYSTEM] Sistema de log personalizado inicializado
[2025-07-17 14:09:39] [SYSTEM] Sistema de log personalizado inicializado
[2025-07-17 14:09:39] [SYSTEM] Sistema de log personalizado inicializado
[2025-07-17 14:09:42] [SYSTEM] Sistema de log personalizado inicializado
[2025-07-17 14:09:42] [SYSTEM] Sistema de log personalizado inicializado
[2025-07-17 14:09:44] [SYSTEM] Sistema de log personalizado inicializado
[2025-07-17 14:09:58] [SYSTEM] Sistema de log personalizado inicializado
[2025-07-17 14:09:58] [SYSTEM] Sistema de log personalizado inicializado
[2025-07-17 14:10:08] [SYSTEM] Sistema de log personalizado inicializado
[2025-07-17 14:10:14] [SYSTEM] Sistema de log personalizado inicializado
[2025-07-17 14:11:32] [SYSTEM] Sistema de log personalizado inicializado
[2025-07-17 14:11:34] [SYSTEM] Sistema de log personalizado inicializado
[2025-07-17 14:11:51] [SYSTEM] Sistema de log personalizado inicializado
[2025-07-17 14:11:55] [SYSTEM] Sistema de log personalizado inicializado
[2025-07-17 14:12:09] [SYSTEM] Sistema de log personalizado inicializado
[2025-07-17 14:12:10] [SYSTEM] Sistema de log personalizado inicializado
[2025-07-17 14:13:32] [SYSTEM] Sistema de log personalizado inicializado
[2025-07-17 14:13:55] [SYSTEM] Sistema de log personalizado inicializado
[2025-07-17 14:13:55] [SYSTEM] Sistema de log personalizado inicializado
[2025-07-17 14:14:04] [SYSTEM] Sistema de log personalizado inicializado
[2025-07-17 14:14:04] [SYSTEM] Sistema de log personalizado inicializado
[2025-07-17 14:14:05] [SYSTEM] Sistema de log personalizado inicializado
[2025-07-17 14:14:10] [SYSTEM] Sistema de log personalizado inicializado
[2025-07-17 14:14:10] [SYSTEM] Sistema de log personalizado inicializado
[2025-07-17 14:14:13] [SYSTEM] Sistema de log personalizado inicializado
[2025-07-17 14:14:14] [SYSTEM] Sistema de log personalizado inicializado
[2025-07-17 14:16:04] [SYSTEM] Sistema de log personalizado inicializado
[2025-07-17 14:16:13] [SYSTEM] Sistema de log personalizado inicializado
[2025-07-17 14:16:26] [SYSTEM] Sistema de log personalizado inicializado
[2025-07-17 14:16:29] [SYSTEM] Sistema de log personalizado inicializado
[2025-07-17 14:16:31] [SYSTEM] Sistema de log personalizado inicializado
[2025-07-17 14:16:36] [SYSTEM] Sistema de log personalizado inicializado
[2025-07-17 14:16:39] [SYSTEM] Sistema de log personalizado inicializado
[2025-07-17 15:01:58] [SYSTEM] Sistema de log personalizado inicializado
[2025-07-17 15:02:01] [SYSTEM] Sistema de log personalizado inicializado
[2025-07-17 15:02:05] [SYSTEM] Sistema de log personalizado inicializado
[2025-07-17 15:02:39] [SYSTEM] Sistema de log personalizado inicializado
[2025-07-17 15:02:41] [SYSTEM] Sistema de log personalizado inicializado
[2025-07-17 15:02:45] [SYSTEM] Sistema de log personalizado inicializado
[2025-07-17 15:03:00] [SYSTEM] Sistema de log personalizado inicializado
[2025-07-17 15:03:00] [SYSTEM] Sistema de log personalizado inicializado
[2025-07-17 15:03:07] [SYSTEM] Sistema de log personalizado inicializado
[2025-07-17 15:03:13] [SYSTEM] Sistema de log personalizado inicializado
[2025-07-17 15:03:14] [SYSTEM] Sistema de log personalizado inicializado
[2025-07-17 15:03:17] [SYSTEM] Sistema de log personalizado inicializado
[2025-07-17 15:03:18] [SYSTEM] Sistema de log personalizado inicializado
[2025-07-17 15:03:24] [SYSTEM] Sistema de log personalizado inicializado
[2025-07-17 15:03:25] [SYSTEM] Sistema de log personalizado inicializado
[2025-07-17 15:03:32] [SYSTEM] Sistema de log personalizado inicializado
[2025-07-17 15:03:58] [SYSTEM] Sistema de log personalizado inicializado
[2025-07-17 15:03:59] [SYSTEM] Sistema de log personalizado inicializado
[2025-07-17 15:04:44] [SYSTEM] Sistema de log personalizado inicializado
[2025-07-17 15:04:45] [SYSTEM] Sistema de log personalizado inicializado
[2025-07-17 15:05:08] [SYSTEM] Sistema de log personalizado inicializado
[2025-07-17 15:05:31] [SYSTEM] Sistema de log personalizado inicializado
[2025-07-17 15:05:44] [SYSTEM] Sistema de log personalizado inicializado
[2025-07-17 15:06:02] [SYSTEM] Sistema de log personalizado inicializado
[2025-07-17 15:06:04] [SYSTEM] Sistema de log personalizado inicializado
[2025-07-17 15:06:26] [SYSTEM] Sistema de log personalizado inicializado
[2025-07-17 15:06:44] [SYSTEM] Sistema de log personalizado inicializado
[2025-07-17 15:06:45] [SYSTEM] Sistema de log personalizado inicializado
[2025-07-17 15:06:56] [SYSTEM] Sistema de log personalizado inicializado
[2025-07-17 15:07:00] [SYSTEM] Sistema de log personalizado inicializado
[2025-07-17 15:07:10] [SYSTEM] Sistema de log personalizado inicializado
[2025-07-17 15:07:10] [SYSTEM] Sistema de log personalizado inicializado
[2025-07-17 15:07:13] [SYSTEM] Sistema de log personalizado inicializado
[2025-07-17 15:07:17] [SYSTEM] Sistema de log personalizado inicializado
[2025-07-17 15:07:19] [SYSTEM] Sistema de log personalizado inicializado
[2025-07-17 15:07:33] [SYSTEM] Sistema de log personalizado inicializado
[2025-07-17 15:07:35] [SYSTEM] Sistema de log personalizado inicializado
[2025-07-17 15:07:40] [SYSTEM] Sistema de log personalizado inicializado
[2025-07-17 15:07:42] [SYSTEM] Sistema de log personalizado inicializado
[2025-07-17 15:07:45] [SYSTEM] Sistema de log personalizado inicializado
[2025-07-17 15:07:57] [SYSTEM] Sistema de log personalizado inicializado
[2025-07-17 15:07:57] [SYSTEM] Sistema de log personalizado inicializado
[2025-07-17 15:08:00] [SYSTEM] Sistema de log personalizado inicializado
[2025-07-17 15:08:03] [SYSTEM] Sistema de log personalizado inicializado
[2025-07-17 15:08:07] [SYSTEM] Sistema de log personalizado inicializado
[2025-07-17 15:08:10] [SYSTEM] Sistema de log personalizado inicializado
[2025-07-17 15:08:15] [SYSTEM] Sistema de log personalizado inicializado
[2025-07-17 15:08:19] [SYSTEM] Sistema de log personalizado inicializado
[2025-07-17 15:08:22] [SYSTEM] Sistema de log personalizado inicializado
[2025-07-17 15:08:25] [SYSTEM] Sistema de log personalizado inicializado
[2025-07-17 15:08:27] [SYSTEM] Sistema de log personalizado inicializado
[2025-07-17 15:08:45] [SYSTEM] Sistema de log personalizado inicializado
[2025-07-17 15:08:51] [SYSTEM] Sistema de log personalizado inicializado
[2025-07-17 15:08:53] [SYSTEM] Sistema de log personalizado inicializado
[2025-07-17 15:09:06] [SYSTEM] Sistema de log personalizado inicializado
[2025-07-17 15:09:06] [SYSTEM] Sistema de log personalizado inicializado
[2025-07-17 15:09:09] [SYSTEM] Sistema de log personalizado inicializado
[2025-07-17 15:09:15] [SYSTEM] Sistema de log personalizado inicializado
[2025-07-17 15:09:19] [SYSTEM] Sistema de log personalizado inicializado
[2025-07-17 15:09:21] [SYSTEM] Sistema de log personalizado inicializado
[2025-07-17 15:09:21] [SYSTEM] Sistema de log personalizado inicializado
[2025-07-17 15:09:23] [SYSTEM] Sistema de log personalizado inicializado
[2025-07-17 15:09:38] [SYSTEM] Sistema de log personalizado inicializado
[2025-07-17 15:09:39] [SYSTEM] Sistema de log personalizado inicializado
[2025-07-17 15:09:51] [SYSTEM] Sistema de log personalizado inicializado
[2025-07-17 15:09:51] [SYSTEM] Sistema de log personalizado inicializado
[2025-07-17 15:09:52] [SYSTEM] Sistema de log personalizado inicializado
[2025-07-17 15:10:05] [SYSTEM] Sistema de log personalizado inicializado
[2025-07-17 15:10:05] [SYSTEM] Sistema de log personalizado inicializado
[2025-07-17 15:10:13] [SYSTEM] Sistema de log personalizado inicializado
[2025-07-17 15:10:18] [SYSTEM] Sistema de log personalizado inicializado
[2025-07-17 15:10:20] [SYSTEM] Sistema de log personalizado inicializado
[2025-07-17 15:10:47] [SYSTEM] Sistema de log personalizado inicializado
[2025-07-17 15:10:47] [SYSTEM] Sistema de log personalizado inicializado
[2025-07-17 15:10:51] [SYSTEM] Sistema de log personalizado inicializado
[2025-07-17 15:10:53] [SYSTEM] Sistema de log personalizado inicializado
[2025-07-17 15:10:55] [SYSTEM] Sistema de log personalizado inicializado
[2025-07-17 15:10:56] [SYSTEM] Sistema de log personalizado inicializado
[2025-07-17 15:10:57] [SYSTEM] Sistema de log personalizado inicializado
[2025-07-17 15:11:00] [SYSTEM] Sistema de log personalizado inicializado
[2025-07-17 15:11:00] [SYSTEM] Sistema de log personalizado inicializado
[2025-07-17 15:11:03] [SYSTEM] Sistema de log personalizado inicializado
[2025-07-17 15:11:08] [SYSTEM] Sistema de log personalizado inicializado
[2025-07-17 15:11:09] [SYSTEM] Sistema de log personalizado inicializado
[2025-07-17 15:11:12] [SYSTEM] Sistema de log personalizado inicializado
[2025-07-17 15:11:13] [SYSTEM] Sistema de log personalizado inicializado
[2025-07-17 15:11:14] [SYSTEM] Sistema de log personalizado inicializado
[2025-07-17 15:11:33] [SYSTEM] Sistema de log personalizado inicializado
[2025-07-17 15:11:34] [SYSTEM] Sistema de log personalizado inicializado
[2025-07-17 15:11:49] [SYSTEM] Sistema de log personalizado inicializado
[2025-07-17 15:11:49] [SYSTEM] Sistema de log personalizado inicializado
[2025-07-17 15:11:53] [SYSTEM] Sistema de log personalizado inicializado
[2025-07-17 15:11:58] [SYSTEM] Sistema de log personalizado inicializado
[2025-07-17 15:11:58] [SYSTEM] Sistema de log personalizado inicializado
[2025-07-17 15:12:04] [SYSTEM] Sistema de log personalizado inicializado
[2025-07-17 15:12:05] [SYSTEM] Sistema de log personalizado inicializado
[2025-07-17 15:12:16] [SYSTEM] Sistema de log personalizado inicializado
[2025-07-17 15:12:17] [SYSTEM] Sistema de log personalizado inicializado
[2025-07-17 15:12:25] [SYSTEM] Sistema de log personalizado inicializado
[2025-07-17 15:12:35] [SYSTEM] Sistema de log personalizado inicializado
[2025-07-17 15:12:38] [SYSTEM] Sistema de log personalizado inicializado
[2025-07-17 15:12:43] [SYSTEM] Sistema de log personalizado inicializado
[2025-07-17 15:12:46] [SYSTEM] Sistema de log personalizado inicializado
[2025-07-17 15:12:54] [SYSTEM] Sistema de log personalizado inicializado
[2025-07-17 15:13:08] [SYSTEM] Sistema de log personalizado inicializado
[2025-07-17 15:13:10] [SYSTEM] Sistema de log personalizado inicializado
[2025-07-17 15:13:11] [SYSTEM] Sistema de log personalizado inicializado
[2025-07-17 15:13:21] [SYSTEM] Sistema de log personalizado inicializado
[2025-07-17 15:13:24] [SYSTEM] Sistema de log personalizado inicializado
[2025-07-17 15:13:40] [SYSTEM] Sistema de log personalizado inicializado
[2025-07-17 15:13:40] [SYSTEM] Sistema de log personalizado inicializado
[2025-07-17 15:13:49] [SYSTEM] Sistema de log personalizado inicializado
[2025-07-17 15:13:50] [SYSTEM] Sistema de log personalizado inicializado
[2025-07-17 15:13:52] [SYSTEM] Sistema de log personalizado inicializado
[2025-07-17 15:13:53] [SYSTEM] Sistema de log personalizado inicializado
[2025-07-17 15:13:54] [SYSTEM] Sistema de log personalizado inicializado
[2025-07-17 15:13:55] [SYSTEM] Sistema de log personalizado inicializado
[2025-07-17 15:14:08] [SYSTEM] Sistema de log personalizado inicializado
[2025-07-17 15:14:08] [SYSTEM] Sistema de log personalizado inicializado
[2025-07-17 15:14:12] [SYSTEM] Sistema de log personalizado inicializado
[2025-07-17 15:14:16] [SYSTEM] Sistema de log personalizado inicializado
[2025-07-17 15:14:32] [SYSTEM] Sistema de log personalizado inicializado
[2025-07-17 15:14:33] [SYSTEM] Sistema de log personalizado inicializado
[2025-07-17 16:10:23] [SYSTEM] Sistema de log personalizado inicializado
[2025-07-17 16:10:24] [SYSTEM] Sistema de log personalizado inicializado
[2025-07-17 16:10:28] [SYSTEM] Sistema de log personalizado inicializado
[2025-07-17 16:10:28] [SYSTEM] Sistema de log personalizado inicializado
[2025-07-17 16:10:31] [SYSTEM] Sistema de log personalizado inicializado
[2025-07-17 16:10:31] [SYSTEM] Sistema de log personalizado inicializado
[2025-07-17 16:10:35] [SYSTEM] Sistema de log personalizado inicializado
[2025-07-17 16:10:39] [SYSTEM] Sistema de log personalizado inicializado
[2025-07-17 16:14:12] [SYSTEM] Sistema de log personalizado inicializado
[2025-07-17 16:14:21] [SYSTEM] Sistema de log personalizado inicializado
[2025-07-17 16:14:35] [SYSTEM] Sistema de log personalizado inicializado
[2025-07-17 16:17:29] [SYSTEM] Sistema de log personalizado inicializado
[2025-07-17 16:17:30] [SYSTEM] Sistema de log personalizado inicializado
[2025-07-17 16:17:38] [SYSTEM] Sistema de log personalizado inicializado
[2025-07-17 16:17:47] [SYSTEM] Sistema de log personalizado inicializado
[2025-07-17 16:17:51] [SYSTEM] Sistema de log personalizado inicializado
[2025-07-17 16:17:55] [SYSTEM] Sistema de log personalizado inicializado
[2025-07-17 16:17:55] [SYSTEM] Sistema de log personalizado inicializado
[2025-07-17 16:17:56] [SYSTEM] Sistema de log personalizado inicializado
[2025-07-17 16:18:05] [SYSTEM] Sistema de log personalizado inicializado
[2025-07-17 16:18:05] [SYSTEM] Sistema de log personalizado inicializado
[2025-07-17 16:18:10] [SYSTEM] Sistema de log personalizado inicializado
[2025-07-17 16:18:12] [SYSTEM] Sistema de log personalizado inicializado
[2025-07-17 16:21:47] [SYSTEM] Sistema de log personalizado inicializado
[2025-07-17 16:22:37] [SYSTEM] Sistema de log personalizado inicializado
[2025-07-17 16:23:01] [SYSTEM] Sistema de log personalizado inicializado
[2025-07-17 16:23:01] [SYSTEM] Sistema de log personalizado inicializado
[2025-07-17 16:23:02] [SYSTEM] Sistema de log personalizado inicializado
[2025-07-17 16:23:05] [SYSTEM] Sistema de log personalizado inicializado
[2025-07-17 16:23:05] [SYSTEM] Sistema de log personalizado inicializado
[2025-07-17 16:23:09] [SYSTEM] Sistema de log personalizado inicializado
[2025-07-17 16:23:16] [SYSTEM] Sistema de log personalizado inicializado
[2025-07-17 16:23:54] [SYSTEM] Sistema de log personalizado inicializado
[2025-07-17 16:23:56] [SYSTEM] Sistema de log personalizado inicializado
[2025-07-17 16:23:56] [SYSTEM] Sistema de log personalizado inicializado
[2025-07-17 16:23:58] [SYSTEM] Sistema de log personalizado inicializado
[2025-07-17 16:24:03] [SYSTEM] Sistema de log personalizado inicializado
[2025-07-17 16:24:03] [SYSTEM] Sistema de log personalizado inicializado
[2025-07-17 16:24:05] [SYSTEM] Sistema de log personalizado inicializado
[2025-07-17 16:24:07] [SYSTEM] Sistema de log personalizado inicializado
[2025-07-17 16:25:32] [SYSTEM] Sistema de log personalizado inicializado
[2025-07-17 16:25:56] [SYSTEM] Sistema de log personalizado inicializado
[2025-07-17 16:25:56] [SYSTEM] Sistema de log personalizado inicializado
[2025-07-17 16:27:19] [SYSTEM] Sistema de log personalizado inicializado
[2025-07-17 16:27:19] [SYSTEM] Sistema de log personalizado inicializado
[2025-07-17 16:27:24] [SYSTEM] Sistema de log personalizado inicializado
[2025-07-17 16:27:24] [SYSTEM] Sistema de log personalizado inicializado
[2025-07-17 16:27:26] [SYSTEM] Sistema de log personalizado inicializado
[2025-07-17 16:27:33] [SYSTEM] Sistema de log personalizado inicializado
[2025-07-17 16:27:35] [SYSTEM] Sistema de log personalizado inicializado
[2025-07-17 16:27:41] [SYSTEM] Sistema de log personalizado inicializado
[2025-07-17 16:28:17] [SYSTEM] Sistema de log personalizado inicializado
[2025-07-17 16:28:17] [SYSTEM] Sistema de log personalizado inicializado
[2025-07-17 16:28:21] [SYSTEM] Sistema de log personalizado inicializado
[2025-07-17 16:28:29] [SYSTEM] Sistema de log personalizado inicializado
[2025-07-17 16:28:39] [SYSTEM] Sistema de log personalizado inicializado
[2025-07-17 16:28:40] [SYSTEM] Sistema de log personalizado inicializado
[2025-07-17 16:28:41] [SYSTEM] Sistema de log personalizado inicializado
[2025-07-17 16:28:50] [SYSTEM] Sistema de log personalizado inicializado
[2025-07-17 16:28:51] [SYSTEM] Sistema de log personalizado inicializado
[2025-07-17 16:28:52] [SYSTEM] Sistema de log personalizado inicializado
[2025-07-17 16:29:39] [SYSTEM] Sistema de log personalizado inicializado
[2025-07-17 16:29:39] [SYSTEM] Sistema de log personalizado inicializado
[2025-07-17 16:29:45] [SYSTEM] Sistema de log personalizado inicializado
[2025-07-17 16:29:48] [SYSTEM] Sistema de log personalizado inicializado
[2025-07-17 16:30:20] [SYSTEM] Sistema de log personalizado inicializado
[2025-07-17 16:30:27] [SYSTEM] Sistema de log personalizado inicializado
[2025-07-17 16:30:28] [SYSTEM] Sistema de log personalizado inicializado
[2025-07-17 16:30:38] [SYSTEM] Sistema de log personalizado inicializado
[2025-07-17 16:30:38] [SYSTEM] Sistema de log personalizado inicializado
[2025-07-17 16:31:40] [SYSTEM] Sistema de log personalizado inicializado
[2025-07-17 16:32:52] [SYSTEM] Sistema de log personalizado inicializado
[2025-07-17 16:33:11] [SYSTEM] Sistema de log personalizado inicializado
[2025-07-17 16:33:11] [SYSTEM] Sistema de log personalizado inicializado
[2025-07-17 16:33:25] [SYSTEM] Sistema de log personalizado inicializado
[2025-07-17 16:33:25] [SYSTEM] Sistema de log personalizado inicializado
[2025-07-17 16:33:49] [SYSTEM] Sistema de log personalizado inicializado
[2025-07-17 16:34:07] [SYSTEM] Sistema de log personalizado inicializado
[2025-07-17 16:34:11] [SYSTEM] Sistema de log personalizado inicializado
[2025-07-17 16:34:22] [SYSTEM] Sistema de log personalizado inicializado
[2025-07-17 16:34:25] [SYSTEM] Sistema de log personalizado inicializado
[2025-07-17 16:34:26] [SYSTEM] Sistema de log personalizado inicializado
[2025-07-17 16:34:28] [SYSTEM] Sistema de log personalizado inicializado
[2025-07-17 16:35:04] [SYSTEM] Sistema de log personalizado inicializado
[2025-07-17 16:35:04] [SYSTEM] Sistema de log personalizado inicializado
[2025-07-17 16:35:06] [SYSTEM] Sistema de log personalizado inicializado
[2025-07-17 16:35:23] [SYSTEM] Sistema de log personalizado inicializado
[2025-07-17 16:35:23] [SYSTEM] Sistema de log personalizado inicializado
[2025-07-17 16:35:32] [SYSTEM] Sistema de log personalizado inicializado
[2025-07-17 16:35:33] [SYSTEM] Sistema de log personalizado inicializado
[2025-07-17 16:35:47] [SYSTEM] Sistema de log personalizado inicializado
[2025-07-17 16:35:48] [SYSTEM] Sistema de log personalizado inicializado
[2025-07-17 16:35:52] [SYSTEM] Sistema de log personalizado inicializado
